Info: Starting: Create block symbol file (.bsf)
Info: qsys-generate /home/svhum/Quartus/ltc2308-axi/soc_system.qsys --block-symbol-file --output-directory=/home/svhum/Quartus/ltc2308-axi/soc_system --family="Cyclone V" --part=5CSEBA6U23I7
Progress: Loading ltc2308-axi/soc_system.qsys
Progress: Reading input file
Progress: Adding clk_0 [clock_source 20.1]
Progress: Parameterizing module clk_0
Progress: Adding hps_0 [altera_hps 20.1]
Progress: Parameterizing module hps_0
Progress: Adding mm_bridge_0 [altera_avalon_mm_bridge 20.1]
Progress: Parameterizing module mm_bridge_0
Progress: Adding pio16_in_0 [pio16_in 1.0]
Progress: Parameterizing module pio16_in_0
Progress: Building connections
Progress: Parameterizing connections
Progress: Validating
Progress: Done reading input file
Info: soc_system.hps_0: HPS Main PLL counter settings: n = 0  m = 63
Info: soc_system.hps_0: HPS peripherial PLL counter settings: n = 0  m = 39
Warning: soc_system.hps_0: set_interface_assignment: Interface "hps_io" does not exist
Info: qsys-generate succeeded.
Info: Finished: Create block symbol file (.bsf)
Info: 
Info: Starting: Create HDL design files for synthesis
Info: qsys-generate /home/svhum/Quartus/ltc2308-axi/soc_system.qsys --synthesis=VERILOG --output-directory=/home/svhum/Quartus/ltc2308-axi/soc_system/synthesis --family="Cyclone V" --part=5CSEBA6U23I7
Progress: Loading ltc2308-axi/soc_system.qsys
Progress: Reading input file
Progress: Adding clk_0 [clock_source 20.1]
Progress: Parameterizing module clk_0
Progress: Adding hps_0 [altera_hps 20.1]
Progress: Parameterizing module hps_0
Progress: Adding mm_bridge_0 [altera_avalon_mm_bridge 20.1]
Progress: Parameterizing module mm_bridge_0
Progress: Adding pio16_in_0 [pio16_in 1.0]
Progress: Parameterizing module pio16_in_0
Progress: Building connections
Progress: Parameterizing connections
Progress: Validating
Progress: Done reading input file
Info: soc_system.hps_0: HPS Main PLL counter settings: n = 0  m = 63
Info: soc_system.hps_0: HPS peripherial PLL counter settings: n = 0  m = 39
Warning: soc_system.hps_0: set_interface_assignment: Interface "hps_io" does not exist
Info: soc_system: Generating soc_system "soc_system" for QUARTUS_SYNTH
Info: Interconnect is inserted between master hps_0.h2f_axi_master and slave mm_bridge_0.s0 because the master is of type axi and the slave is of type avalon.
Info: Interconnect is inserted between master mm_bridge_0.m0 and slave pio16_in_0.s0 because the master has waitrequest signal 1 bit wide, but the slave is 0 bit wide.
Info: Interconnect is inserted between master mm_bridge_0.m0 and slave pio16_in_0.s0 because the master has readdatavalid signal 1 bit wide, but the slave is 0 bit wide.
Info: Interconnect is inserted between master mm_bridge_0.m0 and slave pio16_in_0.s0 because the master has burstcount signal 1 bit wide, but the slave is 0 bit wide.
Info: Interconnect is inserted between master mm_bridge_0.m0 and slave pio16_in_0.s0 because the master has writedata signal 16 bit wide, but the slave is 0 bit wide.
Info: Interconnect is inserted between master mm_bridge_0.m0 and slave pio16_in_0.s0 because the master has address signal 2 bit wide, but the slave is 0 bit wide.
Info: Interconnect is inserted between master mm_bridge_0.m0 and slave pio16_in_0.s0 because the master has write signal 1 bit wide, but the slave is 0 bit wide.
Info: Interconnect is inserted between master mm_bridge_0.m0 and slave pio16_in_0.s0 because the master has byteenable signal 2 bit wide, but the slave is 0 bit wide.
Info: Interconnect is inserted between master mm_bridge_0.m0 and slave pio16_in_0.s0 because the master has debugaccess signal 1 bit wide, but the slave is 0 bit wide.
Info: hps_0: "Running  for module: hps_0"
Info: hps_0: HPS Main PLL counter settings: n = 0  m = 63
Info: hps_0: HPS peripherial PLL counter settings: n = 0  m = 39
Warning: hps_0: set_interface_assignment: Interface "hps_io" does not exist
Info: hps_0: "soc_system" instantiated altera_hps "hps_0"
Info: mm_bridge_0: "soc_system" instantiated altera_avalon_mm_bridge "mm_bridge_0"
Info: pio16_in_0: "soc_system" instantiated pio16_in "pio16_in_0"
Info: avalon_st_adapter: Inserting error_adapter: error_adapter_0
Info: mm_interconnect_0: "soc_system" instantiated altera_mm_interconnect "mm_interconnect_0"
Info: mm_interconnect_1: "soc_system" instantiated altera_mm_interconnect "mm_interconnect_1"
Info: rst_controller: "soc_system" instantiated altera_reset_controller "rst_controller"
Info: fpga_interfaces: "hps_0" instantiated altera_interface_generator "fpga_interfaces"
Info: hps_io: "hps_0" instantiated altera_hps_io "hps_io"
Info: mm_bridge_0_s0_translator: "mm_interconnect_0" instantiated altera_merlin_slave_translator "mm_bridge_0_s0_translator"
Info: hps_0_h2f_axi_master_agent: "mm_interconnect_0" instantiated altera_merlin_axi_master_ni "hps_0_h2f_axi_master_agent"
Info: mm_bridge_0_s0_agent: "mm_interconnect_0" instantiated altera_merlin_slave_agent "mm_bridge_0_s0_agent"
Info: mm_bridge_0_s0_agent_rsp_fifo: "mm_interconnect_0" instantiated altera_avalon_sc_fifo "mm_bridge_0_s0_agent_rsp_fifo"
Info: router: "mm_interconnect_0" instantiated altera_merlin_router "router"
Info: router_002: "mm_interconnect_0" instantiated altera_merlin_router "router_002"
Info: mm_bridge_0_s0_burst_adapter: "mm_interconnect_0" instantiated altera_merlin_burst_adapter "mm_bridge_0_s0_burst_adapter"
Info: Reusing file /home/svhum/Quartus/ltc2308-axi/soc_system/synthesis/submodules/altera_merlin_address_alignment.sv
Info: cmd_demux: "mm_interconnect_0" instantiated altera_merlin_demultiplexer "cmd_demux"
Info: cmd_mux: "mm_interconnect_0" instantiated altera_merlin_multiplexer "cmd_mux"
Info: rsp_demux: "mm_interconnect_0" instantiated altera_merlin_demultiplexer "rsp_demux"
Info: rsp_mux: "mm_interconnect_0" instantiated altera_merlin_multiplexer "rsp_mux"
Info: Reusing file /home/svhum/Quartus/ltc2308-axi/soc_system/synthesis/submodules/altera_merlin_arbitrator.sv
Info: mm_bridge_0_s0_rsp_width_adapter: "mm_interconnect_0" instantiated altera_merlin_width_adapter "mm_bridge_0_s0_rsp_width_adapter"
Info: Reusing file /home/svhum/Quartus/ltc2308-axi/soc_system/synthesis/submodules/altera_merlin_address_alignment.sv
Info: Reusing file /home/svhum/Quartus/ltc2308-axi/soc_system/synthesis/submodules/altera_merlin_burst_uncompressor.sv
Info: avalon_st_adapter: "mm_interconnect_0" instantiated altera_avalon_st_adapter "avalon_st_adapter"
Info: mm_bridge_0_m0_translator: "mm_interconnect_1" instantiated altera_merlin_master_translator "mm_bridge_0_m0_translator"
Info: border: "hps_io" instantiated altera_interface_generator "border"
Info: error_adapter_0: "avalon_st_adapter" instantiated error_adapter "error_adapter_0"
Info: soc_system: Done "soc_system" with 25 modules, 80 files
Info: qsys-generate succeeded.
Info: Finished: Create HDL design files for synthesis
